TeamCode/build/intermediates/manifest_merge_blame_file/release/manifest-merger-blame-release-report.txt
1<?xml version="1.0" encoding="utf-8"?>
2<!--
3 Note: the actual manifest file used in your APK merges this file with contributions
4     from the modules on which your app depends (such as FtcRobotController, etc).
5     So it won't ultimately be as empty as it might here appear to be :-)
6-->
7<!-- The package name here determines the package for your R class and your BuildConfig class -->
8<manifest xmlns:android="http://schemas.android.com/apk/res/android"
9    package="com.qualcomm.ftcrobotcontroller"
10    android:versionCode="38"
11    android:versionName="6.0" >
12
13    <uses-sdk
14        android:minSdkVersion="23"
14-->src/main/AndroidManifest.xml
15        android:targetSdkVersion="28" />
15-->src/main/AndroidManifest.xml
16
17    <uses-permission android:name="android.permission.RECEIVE_BOOT_COMPLETED" />
17-->[:FtcRobotController] AndroidManifest.xml:12:5-81
17-->[:FtcRobotController] AndroidManifest.xml:12:22-78
18    <uses-permission
18-->[org.firstinspires.ftc:RobotCore:6.0.1] AndroidManifest.xml:11:5-13:35
19        android:name="android.permission.ACCESS_WIFI_STATE"
19-->[org.firstinspires.ftc:RobotCore:6.0.1] AndroidManifest.xml:12:9-60
20        android:required="true" />
20-->[org.firstinspires.ftc:RobotCore:6.0.1] AndroidManifest.xml:13:9-32
21    <uses-permission
21-->[org.firstinspires.ftc:RobotCore:6.0.1] AndroidManifest.xml:14:5-16:35
22        android:name="android.permission.CHANGE_WIFI_STATE"
22-->[org.firstinspires.ftc:RobotCore:6.0.1] AndroidManifest.xml:15:9-60
23        android:required="true" />
23-->[org.firstinspires.ftc:RobotCore:6.0.1] AndroidManifest.xml:16:9-32
24    <uses-permission android:name="android.permission.BLUETOOTH" />
24-->[org.firstinspires.ftc:RobotCore:6.0.1] AndroidManifest.xml:17:5-68
24-->[org.firstinspires.ftc:RobotCore:6.0.1] AndroidManifest.xml:17:22-65
25    <uses-permission
25-->[org.firstinspires.ftc:RobotCore:6.0.1] AndroidManifest.xml:18:5-20:35
26        android:name="android.permission.ACCESS_NETWORK_STATE"
26-->[org.firstinspires.ftc:RobotCore:6.0.1] AndroidManifest.xml:19:9-63
27        android:required="true" />
27-->[org.firstinspires.ftc:RobotCore:6.0.1] AndroidManifest.xml:20:9-32
28    <uses-permission
28-->[org.firstinspires.ftc:RobotCore:6.0.1] AndroidManifest.xml:21:5-23:35
29        android:name="android.permission.CHANGE_NETWORK_STATE"
29-->[org.firstinspires.ftc:RobotCore:6.0.1] AndroidManifest.xml:22:9-63
30        android:required="true" />
30-->[org.firstinspires.ftc:RobotCore:6.0.1] AndroidManifest.xml:23:9-32
31    <uses-permission
31-->[org.firstinspires.ftc:RobotCore:6.0.1] AndroidManifest.xml:24:5-26:35
32        android:name="android.permission.INTERNET"
32-->[org.firstinspires.ftc:RobotCore:6.0.1] AndroidManifest.xml:25:9-51
33        android:required="true" /> <!-- Classified as Dangerous Permission in SDK 26 -->
33-->[org.firstinspires.ftc:RobotCore:6.0.1] AndroidManifest.xml:26:9-32
34    <uses-permission
34-->[org.firstinspires.ftc:RobotCore:6.0.1] AndroidManifest.xml:29:5-31:35
35        android:name="android.permission.WRITE_EXTERNAL_STORAGE"
35-->[org.firstinspires.ftc:RobotCore:6.0.1] AndroidManifest.xml:30:9-65
36        android:required="true" /> <!-- Classified as Dangerous Permission in SDK 26 -->
36-->[org.firstinspires.ftc:RobotCore:6.0.1] AndroidManifest.xml:31:9-32
37    <uses-permission
37-->[org.firstinspires.ftc:RobotCore:6.0.1] AndroidManifest.xml:33:5-35:35
38        android:name="android.permission.READ_EXTERNAL_STORAGE"
38-->[org.firstinspires.ftc:RobotCore:6.0.1] AndroidManifest.xml:34:9-64
39        android:required="true" /> <!-- Classified as System Permission in SDK 26 -->
39-->[org.firstinspires.ftc:RobotCore:6.0.1] AndroidManifest.xml:35:9-32
40    <uses-permission
40-->[org.firstinspires.ftc:RobotCore:6.0.1] AndroidManifest.xml:38:5-40:35
41        android:name="android.permission.WRITE_SETTINGS"
41-->[org.firstinspires.ftc:RobotCore:6.0.1] AndroidManifest.xml:39:9-57
42        android:required="true" /> <!-- see AppUtil.setTimeZone() -->
42-->[org.firstinspires.ftc:RobotCore:6.0.1] AndroidManifest.xml:40:9-32
43    <uses-permission
43-->[org.firstinspires.ftc:RobotCore:6.0.1] AndroidManifest.xml:43:5-45:35
44        android:name="android.permission.SET_TIME_ZONE"
44-->[org.firstinspires.ftc:RobotCore:6.0.1] AndroidManifest.xml:44:9-56
45        android:required="true" />
45-->[org.firstinspires.ftc:RobotCore:6.0.1] AndroidManifest.xml:45:9-32
46    <!--
47  Note: we suspect that this (android.permission.WAKE_LOCK) is no
48  longer needed, but haven't yet found the time necessary to verify
49  that assertion before removing it
50    -->
51    <uses-permission
51-->[org.firstinspires.ftc:RobotCore:6.0.1] AndroidManifest.xml:52:5-54:35
52        android:name="android.permission.WAKE_LOCK"
52-->[org.firstinspires.ftc:RobotCore:6.0.1] AndroidManifest.xml:53:9-52
53        android:required="true" />
53-->[org.firstinspires.ftc:RobotCore:6.0.1] AndroidManifest.xml:54:9-32
54    <uses-permission android:name="android.permission.CAMERA" />
54-->[org.firstinspires.ftc:RobotCore:6.0.1] AndroidManifest.xml:55:5-65
54-->[org.firstinspires.ftc:RobotCore:6.0.1] AndroidManifest.xml:55:22-62
55    <uses-permission
55-->[org.firstinspires.ftc:RobotCore:6.0.1] AndroidManifest.xml:56:5-58:35
56        android:name="android.permission.ACCESS_COARSE_LOCATION"
56-->[org.firstinspires.ftc:RobotCore:6.0.1] AndroidManifest.xml:57:9-65
57        android:required="true" />
57-->[org.firstinspires.ftc:RobotCore:6.0.1] AndroidManifest.xml:58:9-32
58    <uses-permission
58-->[org.firstinspires.ftc:RobotCore:6.0.1] AndroidManifest.xml:59:5-61:35
59        android:name="android.permission.ACCESS_FINE_LOCATION"
59-->[org.firstinspires.ftc:RobotCore:6.0.1] AndroidManifest.xml:60:9-63
60        android:required="true" />
60-->[org.firstinspires.ftc:RobotCore:6.0.1] AndroidManifest.xml:61:9-32
61    <uses-permission
61-->[org.firstinspires.ftc:RobotCore:6.0.1] AndroidManifest.xml:62:5-64:35
62        android:name="android.permission.READ_PHONE_STATE"
62-->[org.firstinspires.ftc:RobotCore:6.0.1] AndroidManifest.xml:63:9-59
63        android:required="true" />
63-->[org.firstinspires.ftc:RobotCore:6.0.1] AndroidManifest.xml:64:9-32
64    <uses-permission
64-->[org.firstinspires.ftc:RobotCore:6.0.1] AndroidManifest.xml:65:5-67:35
65        android:name="com.revrobotics.permission.UPDATE_CONTROL_HUB"
65-->[org.firstinspires.ftc:RobotCore:6.0.1] AndroidManifest.xml:66:9-69
66        android:required="true" />
66-->[org.firstinspires.ftc:RobotCore:6.0.1] AndroidManifest.xml:67:9-32
67
68    <uses-feature android:name="android.hardware.usb.accessory" />
68-->[org.firstinspires.ftc:RobotCore:6.0.1] AndroidManifest.xml:69:5-67
68-->[org.firstinspires.ftc:RobotCore:6.0.1] AndroidManifest.xml:69:19-64
69    <uses-feature android:glEsVersion="0x00020000" />
69-->[org.firstinspires.ftc:RobotCore:6.0.1] AndroidManifest.xml:70:5-54
69-->[org.firstinspires.ftc:RobotCore:6.0.1] AndroidManifest.xml:70:19-51
70    <!--
71        NOTE: Any application that requests the CAMERA permission but does not
72        declare any camera features with the <uses-feature> element will be
73        assumed to use all camera features (auto-focus and flash). Thus, the
74        application will not be compatible with devices that do not support
75        all camera features. We use <uses-feature> to declare only the
76        camera features that our application does need. For instance, if you
77        request the CAMERA permission, but you do not need auto-focus or
78        flash, then declare only the android.hardware.camera feature. The
79        other camera features that you do not request will no longer be
80        assumed as required.
81    -->
82    <uses-feature android:name="android.hardware.camera" />
82-->[org.firstinspires.ftc:RobotCore:6.0.1] AndroidManifest.xml:84:5-60
82-->[org.firstinspires.ftc:RobotCore:6.0.1] AndroidManifest.xml:84:19-57
83
84    <uses-permission android:name="android.permission.BLUETOOTH_ADMIN" />
84-->[org.firstinspires.ftc:Inspection:6.0.1] AndroidManifest.xml:12:5-74
84-->[org.firstinspires.ftc:Inspection:6.0.1] AndroidManifest.xml:12:22-71
85
86    <application
86-->src/main/AndroidManifest.xml:11:5-19
87        android:name="org.firstinspires.ftc.robotcore.internal.system.RobotApplication"
87-->[org.firstinspires.ftc:RobotCore:6.0.1] AndroidManifest.xml:86:18-97
88        android:allowBackup="true"
88-->[:FtcRobotController] AndroidManifest.xml:15:9-35
89        android:appComponentFactory="androidx.core.app.CoreComponentFactory"
89-->[androidx.core:core:1.3.0] AndroidManifest.xml:24:18-86
90        android:extractNativeLibs="true"
90-->[:FtcRobotController] AndroidManifest.xml:16:9-41
91        android:icon="@drawable/ic_launcher"
91-->[:FtcRobotController] AndroidManifest.xml:17:9-45
92        android:label="@string/app_name"
92-->[:FtcRobotController] AndroidManifest.xml:18:9-41
93        android:largeHeap="true"
93-->[:FtcRobotController] AndroidManifest.xml:19:9-33
94        android:theme="@style/AppThemeRedRC" > <!-- Indicates to the ControlHubUpdater what the latest version of the Control Hub is that this app supports -->
94-->[:FtcRobotController] AndroidManifest.xml:20:9-45
95        <meta-data
95-->[:FtcRobotController] AndroidManifest.xml:23:9-25:33
96            android:name="org.firstinspires.latestSupportedControlHubVersion"
96-->[:FtcRobotController] AndroidManifest.xml:24:13-78
97            android:value="1" /> <!-- The main robot controller activity -->
97-->[:FtcRobotController] AndroidManifest.xml:25:13-30
98        <activity
98-->[:FtcRobotController] AndroidManifest.xml:28:9-39:20
99            android:name="org.firstinspires.ftc.robotcontroller.internal.PermissionValidatorWrapper"
99-->[:FtcRobotController] AndroidManifest.xml:29:13-101
100            android:configChanges="orientation|screenSize"
100-->[:FtcRobotController] AndroidManifest.xml:30:13-59
101            android:label="@string/app_name"
101-->[:FtcRobotController] AndroidManifest.xml:31:13-45
102            android:launchMode="singleTask"
102-->[:FtcRobotController] AndroidManifest.xml:32:13-44
103            android:screenOrientation="fullUser" >
103-->[:FtcRobotController] AndroidManifest.xml:33:13-49
104            <intent-filter>
104-->[:FtcRobotController] AndroidManifest.xml:34:13-38:29
105                <category android:name="android.intent.category.LAUNCHER" />
105-->[:FtcRobotController] AndroidManifest.xml:35:17-77
105-->[:FtcRobotController] AndroidManifest.xml:35:27-74
106
107                <action android:name="android.intent.action.MAIN" />
107-->[:FtcRobotController] AndroidManifest.xml:37:17-69
107-->[:FtcRobotController] AndroidManifest.xml:37:25-66
108            </intent-filter>
109        </activity>
110        <activity
110-->[:FtcRobotController] AndroidManifest.xml:40:9-58:20
111            android:name="org.firstinspires.ftc.robotcontroller.internal.FtcRobotControllerActivity"
111-->[:FtcRobotController] AndroidManifest.xml:41:13-101
112            android:configChanges="orientation|screenSize"
112-->[:FtcRobotController] AndroidManifest.xml:42:13-59
113            android:label="@string/app_name"
113-->[:FtcRobotController] AndroidManifest.xml:43:13-45
114            android:launchMode="singleTask"
114-->[:FtcRobotController] AndroidManifest.xml:44:13-44
115            android:screenOrientation="fullUser" >
115-->[:FtcRobotController] AndroidManifest.xml:45:13-49
116            <intent-filter>
116-->[:FtcRobotController] AndroidManifest.xml:46:13-48:29
117                <action android:name="android.hardware.usb.action.USB_DEVICE_ATTACHED" />
117-->[:FtcRobotController] AndroidManifest.xml:47:17-90
117-->[:FtcRobotController] AndroidManifest.xml:47:25-87
118            </intent-filter>
119
120            <meta-data
120-->[:FtcRobotController] AndroidManifest.xml:50:13-52:57
121                android:name="android.hardware.usb.action.USB_DEVICE_ATTACHED"
121-->[:FtcRobotController] AndroidManifest.xml:51:17-79
122                android:resource="@xml/device_filter" />
122-->[:FtcRobotController] AndroidManifest.xml:52:17-54
123
124            <!-- org.firstinspires.main.entry indicates that this app is compatible with the Dragonboard Control Hub -->
125            <meta-data
125-->[:FtcRobotController] AndroidManifest.xml:55:13-57:40
126                android:name="org.firstinspires.main.entry"
126-->[:FtcRobotController] AndroidManifest.xml:56:17-60
127                android:value="true" />
127-->[:FtcRobotController] AndroidManifest.xml:57:17-37
128        </activity> <!-- The robot controller service in which most of the robot functionality is managed -->
129        <service
129-->[:FtcRobotController] AndroidManifest.xml:61:9-63:38
130            android:name="com.qualcomm.ftccommon.FtcRobotControllerService"
130-->[:FtcRobotController] AndroidManifest.xml:62:13-76
131            android:enabled="true" />
131-->[:FtcRobotController] AndroidManifest.xml:63:13-35
132        <!--
133    Needed to support sending logs from log viewer on Nougat and later.
134    Note: DON'T need to shift meta-data to 'androidx' from 'android.support.FILE_PROVIDER_PATHS'
135        -->
136        <provider
136-->[org.firstinspires.ftc:RobotCore:6.0.1] AndroidManifest.xml:92:9-100:20
137            android:name="androidx.core.content.FileProvider"
137-->[org.firstinspires.ftc:RobotCore:6.0.1] AndroidManifest.xml:93:13-62
138            android:authorities="com.qualcomm.ftcrobotcontroller.provider"
138-->[org.firstinspires.ftc:RobotCore:6.0.1] AndroidManifest.xml:94:13-60
139            android:exported="false"
139-->[org.firstinspires.ftc:RobotCore:6.0.1] AndroidManifest.xml:95:13-37
140            android:grantUriPermissions="true" >
140-->[org.firstinspires.ftc:RobotCore:6.0.1] AndroidManifest.xml:96:13-47
141            <meta-data
141-->[org.firstinspires.ftc:RobotCore:6.0.1] AndroidManifest.xml:97:13-99:63
142                android:name="android.support.FILE_PROVIDER_PATHS"
142-->[org.firstinspires.ftc:RobotCore:6.0.1] AndroidManifest.xml:98:17-67
143                android:resource="@xml/file_provider_paths" />
143-->[org.firstinspires.ftc:RobotCore:6.0.1] AndroidManifest.xml:99:17-60
144        </provider> <!-- Service that keeps desktop folders up to date with respect to actual phone file system contents -->
145        <service
145-->[org.firstinspires.ftc:RobotCore:6.0.1] AndroidManifest.xml:103:9-105:38
146            android:name="org.firstinspires.ftc.robotcore.internal.files.MediaTransferProtocolMonitorService"
146-->[org.firstinspires.ftc:RobotCore:6.0.1] AndroidManifest.xml:104:13-110
147            android:enabled="true" />
147-->[org.firstinspires.ftc:RobotCore:6.0.1] AndroidManifest.xml:105:13-35
148
149        <meta-data
149-->[org.firstinspires.ftc:RobotCore:6.0.1] AndroidManifest.xml:107:9-109:41
150            android:name="autoStartService.org.firstinspires.ftc.robotcore.internal.files.MediaTransferProtocolMonitorService"
150-->[org.firstinspires.ftc:RobotCore:6.0.1] AndroidManifest.xml:108:13-127
151            android:value="BOTH|1000" /> <!-- Service that provides build services for OnBotJava -->
151-->[org.firstinspires.ftc:RobotCore:6.0.1] AndroidManifest.xml:109:13-38
152        <service
152-->[org.firstinspires.ftc:RobotCore:6.0.1] AndroidManifest.xml:112:9-114:38
153            android:name="org.firstinspires.ftc.onbotjava.OnBotJavaService"
153-->[org.firstinspires.ftc:RobotCore:6.0.1] AndroidManifest.xml:113:13-76
154            android:enabled="true" />
154-->[org.firstinspires.ftc:RobotCore:6.0.1] AndroidManifest.xml:114:13-35
155
156        <meta-data
156-->[org.firstinspires.ftc:RobotCore:6.0.1] AndroidManifest.xml:116:9-118:39
157            android:name="autoStartService.org.firstinspires.ftc.onbotjava.OnBotJavaService"
157-->[org.firstinspires.ftc:RobotCore:6.0.1] AndroidManifest.xml:117:13-93
158            android:value="RC|2000" />
158-->[org.firstinspires.ftc:RobotCore:6.0.1] AndroidManifest.xml:118:13-36
159
160        <receiver
160-->[org.firstinspires.ftc:RobotCore:6.0.1] AndroidManifest.xml:120:9-127:20
161            android:name="org.firstinspires.ftc.robotserver.internal.webserver.controlhubupdater.ChUpdaterCommManager$ChUpdaterBroadcastReceiver"
161-->[org.firstinspires.ftc:RobotCore:6.0.1] AndroidManifest.xml:121:13-146
162            android:exported="true"
162-->[org.firstinspires.ftc:RobotCore:6.0.1] AndroidManifest.xml:122:13-36
163            android:permission="android.permission.INSTALL_PACKAGES" >
163-->[org.firstinspires.ftc:RobotCore:6.0.1] AndroidManifest.xml:123:13-69
164            <intent-filter>
164-->[org.firstinspires.ftc:RobotCore:6.0.1] AndroidManifest.xml:124:13-126:29
165                <action android:name="com.revrobotics.controlhubupdater.broadcast.RESULT_BROADCAST" />
165-->[org.firstinspires.ftc:RobotCore:6.0.1] AndroidManifest.xml:125:17-103
165-->[org.firstinspires.ftc:RobotCore:6.0.1] AndroidManifest.xml:125:25-100
166            </intent-filter>
167        </receiver>
168
169        <activity
169-->[org.firstinspires.ftc:FtcCommon:6.0.1] AndroidManifest.xml:26:9-30:20
170            android:name="com.qualcomm.ftccommon.FtcRobotControllerSettingsActivity"
170-->[org.firstinspires.ftc:FtcCommon:6.0.1] AndroidManifest.xml:27:13-85
171            android:exported="true"
171-->[org.firstinspires.ftc:FtcCommon:6.0.1] AndroidManifest.xml:28:13-36
172            android:label="@string/settings_activity" >
172-->[org.firstinspires.ftc:FtcCommon:6.0.1] AndroidManifest.xml:29:13-54
173        </activity>
174        <activity
174-->[org.firstinspires.ftc:FtcCommon:6.0.1] AndroidManifest.xml:31:9-36:20
175            android:name="com.qualcomm.ftccommon.configuration.FtcLoadFileActivity"
175-->[org.firstinspires.ftc:FtcCommon:6.0.1] AndroidManifest.xml:32:13-84
176            android:configChanges="orientation|screenSize"
176-->[org.firstinspires.ftc:FtcCommon:6.0.1] AndroidManifest.xml:33:13-59
177            android:exported="true"
177-->[org.firstinspires.ftc:FtcCommon:6.0.1] AndroidManifest.xml:34:13-36
178            android:label="@string/configure_activity" >
178-->[org.firstinspires.ftc:FtcCommon:6.0.1] AndroidManifest.xml:35:13-55
179        </activity>
180        <activity
180-->[org.firstinspires.ftc:FtcCommon:6.0.1] AndroidManifest.xml:37:9-42:20
181            android:name="com.qualcomm.ftccommon.configuration.ConfigureFromTemplateActivity"
181-->[org.firstinspires.ftc:FtcCommon:6.0.1] AndroidManifest.xml:38:13-94
182            android:configChanges="orientation|screenSize"
182-->[org.firstinspires.ftc:FtcCommon:6.0.1] AndroidManifest.xml:39:13-59
183            android:exported="true"
183-->[org.firstinspires.ftc:FtcCommon:6.0.1] AndroidManifest.xml:40:13-36
184            android:label="@string/title_activity_configfromtemplate" >
184-->[org.firstinspires.ftc:FtcCommon:6.0.1] AndroidManifest.xml:41:13-70
185        </activity>
186        <activity
186-->[org.firstinspires.ftc:FtcCommon:6.0.1] AndroidManifest.xml:43:9-48:20
187            android:name="com.qualcomm.ftccommon.ViewLogsActivity"
187-->[org.firstinspires.ftc:FtcCommon:6.0.1] AndroidManifest.xml:44:13-67
188            android:configChanges="orientation|screenSize"
188-->[org.firstinspires.ftc:FtcCommon:6.0.1] AndroidManifest.xml:45:13-59
189            android:exported="true"
189-->[org.firstinspires.ftc:FtcCommon:6.0.1] AndroidManifest.xml:46:13-36
190            android:label="@string/view_logs_activity" >
190-->[org.firstinspires.ftc:FtcCommon:6.0.1] AndroidManifest.xml:47:13-55
191        </activity>
192        <activity
192-->[org.firstinspires.ftc:FtcCommon:6.0.1] AndroidManifest.xml:49:9-53:20
193            android:name="com.qualcomm.ftccommon.configuration.FtcConfigurationActivity"
193-->[org.firstinspires.ftc:FtcCommon:6.0.1] AndroidManifest.xml:50:13-89
194            android:configChanges="orientation|screenSize"
194-->[org.firstinspires.ftc:FtcCommon:6.0.1] AndroidManifest.xml:51:13-59
195            android:label="@string/app_name" >
195-->[org.firstinspires.ftc:FtcCommon:6.0.1] AndroidManifest.xml:52:13-45
196        </activity>
197        <activity
197-->[org.firstinspires.ftc:FtcCommon:6.0.1] AndroidManifest.xml:54:9-58:20
198            android:name="com.qualcomm.ftccommon.configuration.FtcNewFileActivity"
198-->[org.firstinspires.ftc:FtcCommon:6.0.1] AndroidManifest.xml:55:13-83
199            android:configChanges="orientation|screenSize"
199-->[org.firstinspires.ftc:FtcCommon:6.0.1] AndroidManifest.xml:56:13-59
200            android:label="@string/app_name" >
200-->[org.firstinspires.ftc:FtcCommon:6.0.1] AndroidManifest.xml:57:13-45
201        </activity>
202        <activity
202-->[org.firstinspires.ftc:FtcCommon:6.0.1] AndroidManifest.xml:59:9-62:73
203            android:name="com.qualcomm.ftccommon.ConfigWifiDirectActivity"
203-->[org.firstinspires.ftc:FtcCommon:6.0.1] AndroidManifest.xml:60:13-75
204            android:exported="true"
204-->[org.firstinspires.ftc:FtcCommon:6.0.1] AndroidManifest.xml:61:13-36
205            android:label="@string/title_activity_config_wifi_direct" />
205-->[org.firstinspires.ftc:FtcCommon:6.0.1] AndroidManifest.xml:62:13-70
206        <activity
206-->[org.firstinspires.ftc:FtcCommon:6.0.1] AndroidManifest.xml:63:9-67:20
207            android:name="com.qualcomm.ftccommon.FtcAdvancedRCSettingsActivity"
207-->[org.firstinspires.ftc:FtcCommon:6.0.1] AndroidManifest.xml:64:13-80
208            android:exported="true"
208-->[org.firstinspires.ftc:FtcCommon:6.0.1] AndroidManifest.xml:65:13-36
209            android:label="@string/titleAdvancedRCSettings" >
209-->[org.firstinspires.ftc:FtcCommon:6.0.1] AndroidManifest.xml:66:13-60
210        </activity>
211        <activity
211-->[org.firstinspires.ftc:FtcCommon:6.0.1] AndroidManifest.xml:68:9-71:20
212            android:name="com.qualcomm.ftccommon.FtcLynxFirmwareUpdateActivity"
212-->[org.firstinspires.ftc:FtcCommon:6.0.1] AndroidManifest.xml:69:13-80
213            android:exported="true" >
213-->[org.firstinspires.ftc:FtcCommon:6.0.1] AndroidManifest.xml:70:13-36
214        </activity>
215        <activity
215-->[org.firstinspires.ftc:FtcCommon:6.0.1] AndroidManifest.xml:72:9-75:20
216            android:name="com.qualcomm.ftccommon.FtcLynxModuleAddressUpdateActivity"
216-->[org.firstinspires.ftc:FtcCommon:6.0.1] AndroidManifest.xml:73:13-85
217            android:exported="true" >
217-->[org.firstinspires.ftc:FtcCommon:6.0.1] AndroidManifest.xml:74:13-36
218        </activity>
219        <activity
219-->[org.firstinspires.ftc:FtcCommon:6.0.1] AndroidManifest.xml:76:9-80:20
220            android:name="com.qualcomm.ftccommon.FtcWifiDirectChannelSelectorActivity"
220-->[org.firstinspires.ftc:FtcCommon:6.0.1] AndroidManifest.xml:77:13-87
221            android:exported="true"
221-->[org.firstinspires.ftc:FtcCommon:6.0.1] AndroidManifest.xml:78:13-36
222            android:label="@string/title_activity_wifi_channel_selector" >
222-->[org.firstinspires.ftc:FtcCommon:6.0.1] AndroidManifest.xml:79:13-73
223        </activity>
224        <activity
224-->[org.firstinspires.ftc:FtcCommon:6.0.1] AndroidManifest.xml:81:9-85:20
225            android:name="com.qualcomm.ftccommon.FtcWifiDirectRememberedGroupsActivity"
225-->[org.firstinspires.ftc:FtcCommon:6.0.1] AndroidManifest.xml:82:13-88
226            android:exported="true"
226-->[org.firstinspires.ftc:FtcCommon:6.0.1] AndroidManifest.xml:83:13-36
227            android:label="@string/title_activity_wifi_remembered_groups_editor" >
227-->[org.firstinspires.ftc:FtcCommon:6.0.1] AndroidManifest.xml:84:13-81
228        </activity>
229        <activity
229-->[org.firstinspires.ftc:FtcCommon:6.0.1] AndroidManifest.xml:86:9-89:20
230            android:name="com.qualcomm.ftccommon.AboutActivity"
230-->[org.firstinspires.ftc:FtcCommon:6.0.1] AndroidManifest.xml:87:13-64
231            android:label="@string/about_activity" >
231-->[org.firstinspires.ftc:FtcCommon:6.0.1] AndroidManifest.xml:88:13-51
232        </activity>
233        <activity
233-->[org.firstinspires.ftc:FtcCommon:6.0.1] AndroidManifest.xml:90:9-93:20
234            android:name="com.qualcomm.ftccommon.FtcAboutActivity"
234-->[org.firstinspires.ftc:FtcCommon:6.0.1] AndroidManifest.xml:91:13-67
235            android:label="@string/ftc_about_activity" >
235-->[org.firstinspires.ftc:FtcCommon:6.0.1] AndroidManifest.xml:92:13-55
236        </activity>
237        <activity
237-->[org.firstinspires.ftc:FtcCommon:6.0.1] AndroidManifest.xml:94:9-99:20
238            android:name="com.qualcomm.ftccommon.configuration.EditSwapUsbDevices"
238-->[org.firstinspires.ftc:FtcCommon:6.0.1] AndroidManifest.xml:95:13-83
239            android:configChanges="orientation|screenSize"
239-->[org.firstinspires.ftc:FtcCommon:6.0.1] AndroidManifest.xml:96:13-59
240            android:label="@string/edit_swap_devices_activity"
240-->[org.firstinspires.ftc:FtcCommon:6.0.1] AndroidManifest.xml:97:13-63
241            android:windowSoftInputMode="stateHidden" >
241-->[org.firstinspires.ftc:FtcCommon:6.0.1] AndroidManifest.xml:98:13-54
242        </activity>
243        <activity
243-->[org.firstinspires.ftc:FtcCommon:6.0.1] AndroidManifest.xml:100:9-105:20
244            android:name="com.qualcomm.ftccommon.configuration.EditMotorControllerActivity"
244-->[org.firstinspires.ftc:FtcCommon:6.0.1] AndroidManifest.xml:101:13-92
245            android:configChanges="orientation|screenSize"
245-->[org.firstinspires.ftc:FtcCommon:6.0.1] AndroidManifest.xml:102:13-59
246            android:label="@string/edit_motor_controller_activity"
246-->[org.firstinspires.ftc:FtcCommon:6.0.1] AndroidManifest.xml:103:13-67
247            android:windowSoftInputMode="stateHidden" >
247-->[org.firstinspires.ftc:FtcCommon:6.0.1] AndroidManifest.xml:104:13-54
248        </activity>
249        <activity
249-->[org.firstinspires.ftc:FtcCommon:6.0.1] AndroidManifest.xml:106:9-111:20
250            android:name="com.qualcomm.ftccommon.configuration.EditLegacyMotorControllerActivity"
250-->[org.firstinspires.ftc:FtcCommon:6.0.1] AndroidManifest.xml:107:13-98
251            android:configChanges="orientation|screenSize"
251-->[org.firstinspires.ftc:FtcCommon:6.0.1] AndroidManifest.xml:108:13-59
252            android:label="@string/edit_motor_controller_activity"
252-->[org.firstinspires.ftc:FtcCommon:6.0.1] AndroidManifest.xml:109:13-67
253            android:windowSoftInputMode="stateHidden" >
253-->[org.firstinspires.ftc:FtcCommon:6.0.1] AndroidManifest.xml:110:13-54
254        </activity>
255        <activity
255-->[org.firstinspires.ftc:FtcCommon:6.0.1] AndroidManifest.xml:112:9-117:20
256            android:name="com.qualcomm.ftccommon.configuration.EditMotorListActivity"
256-->[org.firstinspires.ftc:FtcCommon:6.0.1] AndroidManifest.xml:113:13-86
257            android:configChanges="orientation|screenSize"
257-->[org.firstinspires.ftc:FtcCommon:6.0.1] AndroidManifest.xml:114:13-59
258            android:label="@string/edit_motor_controller_activity"
258-->[org.firstinspires.ftc:FtcCommon:6.0.1] AndroidManifest.xml:115:13-67
259            android:windowSoftInputMode="stateHidden" >
259-->[org.firstinspires.ftc:FtcCommon:6.0.1] AndroidManifest.xml:116:13-54
260        </activity>
261        <activity
261-->[org.firstinspires.ftc:FtcCommon:6.0.1] AndroidManifest.xml:118:9-123:20
262            android:name="com.qualcomm.ftccommon.configuration.EditServoControllerActivity"
262-->[org.firstinspires.ftc:FtcCommon:6.0.1] AndroidManifest.xml:119:13-92
263            android:configChanges="orientation|screenSize"
263-->[org.firstinspires.ftc:FtcCommon:6.0.1] AndroidManifest.xml:120:13-59
264            android:label="@string/edit_servo_controller_activity"
264-->[org.firstinspires.ftc:FtcCommon:6.0.1] AndroidManifest.xml:121:13-67
265            android:windowSoftInputMode="stateHidden|adjustResize" >
265-->[org.firstinspires.ftc:FtcCommon:6.0.1] AndroidManifest.xml:122:13-67
266        </activity>
267        <activity
267-->[org.firstinspires.ftc:FtcCommon:6.0.1] AndroidManifest.xml:124:9-129:20
268            android:name="com.qualcomm.ftccommon.configuration.EditLegacyServoControllerActivity"
268-->[org.firstinspires.ftc:FtcCommon:6.0.1] AndroidManifest.xml:125:13-98
269            android:configChanges="orientation|screenSize"
269-->[org.firstinspires.ftc:FtcCommon:6.0.1] AndroidManifest.xml:126:13-59
270            android:label="@string/edit_servo_controller_activity"
270-->[org.firstinspires.ftc:FtcCommon:6.0.1] AndroidManifest.xml:127:13-67
271            android:windowSoftInputMode="stateHidden|adjustResize" >
271-->[org.firstinspires.ftc:FtcCommon:6.0.1] AndroidManifest.xml:128:13-67
272        </activity>
273        <activity
273-->[org.firstinspires.ftc:FtcCommon:6.0.1] AndroidManifest.xml:130:9-135:20
274            android:name="com.qualcomm.ftccommon.configuration.EditServoListActivity"
274-->[org.firstinspires.ftc:FtcCommon:6.0.1] AndroidManifest.xml:131:13-86
275            android:configChanges="orientation|screenSize"
275-->[org.firstinspires.ftc:FtcCommon:6.0.1] AndroidManifest.xml:132:13-59
276            android:label="@string/edit_servo_controller_activity"
276-->[org.firstinspires.ftc:FtcCommon:6.0.1] AndroidManifest.xml:133:13-67
277            android:windowSoftInputMode="stateHidden|adjustResize" >
277-->[org.firstinspires.ftc:FtcCommon:6.0.1] AndroidManifest.xml:134:13-67
278        </activity>
279        <activity
279-->[org.firstinspires.ftc:FtcCommon:6.0.1] AndroidManifest.xml:136:9-141:20
280            android:name="com.qualcomm.ftccommon.configuration.EditLegacyModuleControllerActivity"
280-->[org.firstinspires.ftc:FtcCommon:6.0.1] AndroidManifest.xml:137:13-99
281            android:configChanges="orientation|screenSize"
281-->[org.firstinspires.ftc:FtcCommon:6.0.1] AndroidManifest.xml:138:13-59
282            android:label="@string/edit_legacy_module_controller_activity"